<?xml version="1.0" encoding="UTF-8"?>
<testng-results skipped="0" failed="0" ignored="0" total="2" passed="2">
  <reporter-output>
  </reporter-output>
  <suite name="Default suite" duration-ms="58122" started-at="2021-02-07T16:51:02 EET" finished-at="2021-02-07T16:52:00 EET">
    <groups>
    </groups>
    <test name="Default test" duration-ms="58122" started-at="2021-02-07T16:51:02 EET" finished-at="2021-02-07T16:52:00 EET">
      <class name="TestDemo.NexarTestSuite">
        <test-method status="PASS" signature="LunchApp()[pri:0, instance:TestDemo.NexarTestSuite@5d76b067]" name="LunchApp" is-config="true" duration-ms="15274" started-at="2021-02-07T16:50:47 EET" finished-at="2021-02-07T16:51:02 EET">
          <reporter-output>
          </reporter-output>
        </test-method> <!-- LunchApp -->
        <test-method status="PASS" signature="LoginTest()[pri:0, instance:TestDemo.NexarTestSuite@5d76b067]" name="LoginTest" duration-ms="33484" started-at="2021-02-07T16:51:02 EET" finished-at="2021-02-07T16:51:36 EET">
          <reporter-output>
          </reporter-output>
        </test-method> <!-- LoginTest -->
        <test-method status="PASS" signature="LogoutTest()[pri:0, instance:TestDemo.NexarTestSuite@5d76b067]" name="LogoutTest" duration-ms="24598" started-at="2021-02-07T16:51:36 EET" finished-at="2021-02-07T16:52:00 EET">
          <reporter-output>
          </reporter-output>
        </test-method> <!-- LogoutTest -->
        <test-method status="PASS" signature="CloseApp()[pri:0, instance:TestDemo.NexarTestSuite@5d76b067]" name="CloseApp" is-config="true" duration-ms="389" started-at="2021-02-07T16:52:00 EET" finished-at="2021-02-07T16:52:01 EET">
          <reporter-output>
          </reporter-output>
        </test-method> <!-- CloseApp -->
      </class> <!-- TestDemo.NexarTestSuite -->
    </test> <!-- Default test -->
  </suite> <!-- Default suite -->
</testng-results>
